Raw phone:  998901214620
Decoded phone:  998901214620
Phone after adding +: + 998901214620
Final phone after htmlspecialchars: + 998901214620
Raw phone:  998901214620
Decoded phone:  998901214620
Phone after adding +: + 998901214620
Final phone after htmlspecialchars: + 998901214620
Raw phone:  998901214620
Decoded phone:  998901214620
Phone after adding +: + 998901214620
Final phone after htmlspecialchars: + 998901214620
Raw phone: +998909354583
Decoded phone: +998909354583
Phone after adding +: +998909354583
Final phone after htmlspecialchars: +998909354583
Raw phone: +998909354583
Decoded phone: +998909354583
Phone after adding +: +998909354583
Final phone after htmlspecialchars: +998909354583
